c:\users\tender\desktop\c++\lab15\lab15ex1\lab15ex1\debug\vc142.pdb
c:\users\tender\desktop\c++\lab15\lab15ex1\lab15ex1\debug\vc142.idb
c:\users\tender\desktop\c++\lab15\lab15ex1\lab15ex1\debug\student.obj
c:\users\tender\desktop\c++\lab15\lab15ex1\lab15ex1\debug\lab15ex1.obj
c:\users\tender\desktop\c++\lab15\lab15ex1\lab15ex1\debug\group.obj
c:\users\tender\desktop\c++\lab15\lab15ex1\lab15ex1\debug\idcard.obj
c:\users\tender\desktop\c++\lab15\lab15ex1\debug\lab15ex1.pdb
c:\users\tender\desktop\c++\lab15\lab15ex1\lab15ex1\debug\lab15ex1.tlog\cl.command.1.tlog
c:\users\tender\desktop\c++\lab15\lab15ex1\lab15ex1\debug\lab15ex1.tlog\cl.read.1.tlog
c:\users\tender\desktop\c++\lab15\lab15ex1\lab15ex1\debug\lab15ex1.tlog\cl.write.1.tlog
c:\users\tender\desktop\c++\lab15\lab15ex1\lab15ex1\debug\lab15ex1.tlog\link-cvtres.read.1.tlog
c:\users\tender\desktop\c++\lab15\lab15ex1\lab15ex1\debug\lab15ex1.tlog\link-cvtres.write.1.tlog
c:\users\tender\desktop\c++\lab15\lab15ex1\lab15ex1\debug\lab15ex1.tlog\link-rc.read.1.tlog
c:\users\tender\desktop\c++\lab15\lab15ex1\lab15ex1\debug\lab15ex1.tlog\link-rc.write.1.tlog
c:\users\tender\desktop\c++\lab15\lab15ex1\lab15ex1\debug\lab15ex1.tlog\link.16504-cvtres.read.1.tlog
c:\users\tender\desktop\c++\lab15\lab15ex1\lab15ex1\debug\lab15ex1.tlog\link.16504-cvtres.write.1.tlog
c:\users\tender\desktop\c++\lab15\lab15ex1\lab15ex1\debug\lab15ex1.tlog\link.16504-rc.read.1.tlog
c:\users\tender\desktop\c++\lab15\lab15ex1\lab15ex1\debug\lab15ex1.tlog\link.16504-rc.write.1.tlog
c:\users\tender\desktop\c++\lab15\lab15ex1\lab15ex1\debug\lab15ex1.tlog\link.16504.read.1.tlog
c:\users\tender\desktop\c++\lab15\lab15ex1\lab15ex1\debug\lab15ex1.tlog\link.16504.write.1.tlog
c:\users\tender\desktop\c++\lab15\lab15ex1\lab15ex1\debug\lab15ex1.tlog\link.command.1.tlog
c:\users\tender\desktop\c++\lab15\lab15ex1\lab15ex1\debug\lab15ex1.tlog\link.read.1.tlog
c:\users\tender\desktop\c++\lab15\lab15ex1\lab15ex1\debug\lab15ex1.tlog\link.write.1.tlog
